# JRE version: Java(TM) SE Runtime Environment (17.0.5+9) (build 17.0.5+9-LTS-191)
# Java VM: Java HotSpot(TM) 64-Bit Server VM (17.0.5+9-LTS-191, mixed mode, sharing, tiered, compressed oops, compressed class ptrs, g1 gc, windows-amd64)
GC Precious Log:
 CPUs: 4 total, 4 available
 Memory: 8103M
 Large Page Support: Disabled
 NUMA Support: Disabled
 Compressed Oops: Enabled (32-bit)
 Heap Region Size: 1M
 Heap Min Capacity: 8M
 Heap Initial Capacity: 128M
 Heap Max Capacity: 2026M
 Pre-touch: Disabled
 Parallel Workers: 4
 Concurrent Workers: 1
 Concurrent Refinement Workers: 4
 Periodic GC: Disabled
Heap:
 garbage-first heap   total 66560K, used 45286K [0x0000000081600000, 0x0000000100000000)
  region size 1024K, 14 young (14336K), 3 survivors (3072K)
 Metaspace       used 65550K, committed 66048K, reserved 1114112K
  class space    used 9075K, committed 9280K, reserved 1048576K
GC Heap History (20 events):
Event: 9.834 GC heap before
{Heap before GC invocations=10 (full 0):
 garbage-first heap   total 55296K, used 40685K [0x0000000081600000, 0x0000000100000000)
  region size 1024K, 18 young (18432K), 2 survivors (2048K)
 Metaspace       used 35722K, committed 36160K, reserved 1081344K
  class space    used 4637K, committed 4864K, reserved 1048576K
}
Event: 9.838 GC heap after
{Heap after GC invocations=11 (full 0):
 garbage-first heap   total 55296K, used 24963K [0x0000000081600000, 0x0000000100000000)
  region size 1024K, 3 young (3072K), 3 survivors (3072K)
 Metaspace       used 35722K, committed 36160K, reserved 1081344K
  class space    used 4637K, committed 4864K, reserved 1048576K
}
Event: 10.613 GC heap before
{Heap before GC invocations=12 (full 0):
 garbage-first heap   total 55296K, used 41347K [0x0000000081600000, 0x0000000100000000)
  region size 1024K, 19 young (19456K), 3 survivors (3072K)
 Metaspace       used 39151K, committed 39680K, reserved 1089536K
  class space    used 5194K, committed 5440K, reserved 1048576K
}
Event: 10.630 GC heap after
{Heap after GC invocations=13 (full 0):
 garbage-first heap   total 55296K, used 25814K [0x0000000081600000, 0x0000000100000000)
  region size 1024K, 2 young (2048K), 2 survivors (2048K)
 Metaspace       used 39151K, committed 39680K, reserved 1089536K
  class space    used 5194K, committed 5440K, reserved 1048576K
}
Event: 11.427 GC heap before
{Heap before GC invocations=13 (full 0):
 garbage-first heap   total 55296K, used 42198K [0x0000000081600000, 0x0000000100000000)
  region size 1024K, 19 young (19456K), 2 survivors (2048K)
 Metaspace       used 44098K, committed 44544K, reserved 1089536K
  class space    used 5820K, committed 6016K, reserved 1048576K
}
Event: 11.431 GC heap after
{Heap after GC invocations=14 (full 0):
 garbage-first heap   total 66560K, used 27386K [0x0000000081600000, 0x0000000100000000)
  region size 1024K, 3 young (3072K), 3 survivors (3072K)
 Metaspace       used 44098K, committed 44544K, reserved 1089536K
  class space    used 5820K, committed 6016K, reserved 1048576K
}
Event: 12.481 GC heap before
{Heap before GC invocations=14 (full 0):
 garbage-first heap   total 66560K, used 50938K [0x0000000081600000, 0x0000000100000000)
  region size 1024K, 27 young (27648K), 3 survivors (3072K)
 Metaspace       used 49488K, committed 49920K, reserved 1097728K
  class space    used 6550K, committed 6720K, reserved 1048576K
}
Event: 12.486 GC heap after
{Heap after GC invocations=15 (full 0):
 garbage-first heap   total 66560K, used 28869K [0x0000000081600000, 0x0000000100000000)
  region size 1024K, 4 young (4096K), 4 survivors (4096K)
 Metaspace       used 49488K, committed 49920K, reserved 1097728K
  class space    used 6550K, committed 6720K, reserved 1048576K
}
Event: 13.289 GC heap before
{Heap before GC invocations=15 (full 0):
 garbage-first heap   total 66560K, used 50373K [0x0000000081600000, 0x0000000100000000)
  region size 1024K, 26 young (26624K), 4 survivors (4096K)
 Metaspace       used 55462K, committed 55936K, reserved 1097728K
  class space    used 7577K, committed 7808K, reserved 1048576K
}
Event: 13.294 GC heap after
{Heap after GC invocations=16 (full 0):
 garbage-first heap   total 66560K, used 29915K [0x0000000081600000, 0x0000000100000000)
  region size 1024K, 3 young (3072K), 3 survivors (3072K)
 Metaspace       used 55462K, committed 55936K, reserved 1097728K
  class space    used 7577K, committed 7808K, reserved 1048576K
}
Event: 14.685 GC heap before
{Heap before GC invocations=16 (full 0):
 garbage-first heap   total 66560K, used 52443K [0x0000000081600000, 0x0000000100000000)
  region size 1024K, 26 young (26624K), 3 survivors (3072K)
 Metaspace       used 60161K, committed 60608K, reserved 1105920K
  class space    used 8200K, committed 8384K, reserved 1048576K
}
Event: 14.693 GC heap after
{Heap after GC invocations=17 (full 0):
 garbage-first heap   total 66560K, used 31689K [0x0000000081600000, 0x0000000100000000)
  region size 1024K, 3 young (3072K), 3 survivors (3072K)
 Metaspace       used 60161K, committed 60608K, reserved 1105920K
  class space    used 8200K, committed 8384K, reserved 1048576K
}
Event: 14.707 GC heap before
{Heap before GC invocations=17 (full 0):
 garbage-first heap   total 66560K, used 32713K [0x0000000081600000, 0x0000000100000000)
  region size 1024K, 5 young (5120K), 3 survivors (3072K)
 Metaspace       used 60191K, committed 60608K, reserved 1105920K
  class space    used 8206K, committed 8384K, reserved 1048576K
}
Event: 14.714 GC heap after
{Heap after GC invocations=18 (full 0):
 garbage-first heap   total 66560K, used 31844K [0x0000000081600000, 0x0000000100000000)
  region size 1024K, 1 young (1024K), 1 survivors (1024K)
 Metaspace       used 60191K, committed 60608K, reserved 1105920K
  class space    used 8206K, committed 8384K, reserved 1048576K
}
Event: 14.980 GC heap before
{Heap before GC invocations=19 (full 0):
 garbage-first heap   total 66560K, used 54372K [0x0000000081600000, 0x0000000100000000)
  region size 1024K, 23 young (23552K), 1 survivors (1024K)
 Metaspace       used 60222K, committed 60864K, reserved 1105920K
  class space    used 8212K, committed 8512K, reserved 1048576K
}
Event: 14.982 GC heap after
{Heap after GC invocations=20 (full 0):
 garbage-first heap   total 66560K, used 31601K [0x0000000081600000, 0x0000000100000000)
  region size 1024K, 1 young (1024K), 1 survivors (1024K)
 Metaspace       used 60222K, committed 60864K, reserved 1105920K
  class space    used 8212K, committed 8512K, reserved 1048576K
}
Event: 16.354 GC heap before
{Heap before GC invocations=20 (full 0):
 garbage-first heap   total 66560K, used 54129K [0x0000000081600000, 0x0000000100000000)
  region size 1024K, 23 young (23552K), 1 survivors (1024K)
 Metaspace       used 62014K, committed 62528K, reserved 1105920K
  class space    used 8557K, committed 8832K, reserved 1048576K
}
Event: 16.358 GC heap after
{Heap after GC invocations=21 (full 0):
 garbage-first heap   total 66560K, used 32922K [0x0000000081600000, 0x0000000100000000)
  region size 1024K, 2 young (2048K), 2 survivors (2048K)
 Metaspace       used 62014K, committed 62528K, reserved 1105920K
  class space    used 8557K, committed 8832K, reserved 1048576K
}
Event: 18.567 GC heap before
{Heap before GC invocations=22 (full 0):
 garbage-first heap   total 66560K, used 54426K [0x0000000081600000, 0x0000000100000000)
  region size 1024K, 23 young (23552K), 2 survivors (2048K)
 Metaspace       used 64357K, committed 64896K, reserved 1105920K
  class space    used 8887K, committed 9152K, reserved 1048576K
}
Event: 18.574 GC heap after
{Heap after GC invocations=23 (full 0):
 garbage-first heap   total 66560K, used 35046K [0x0000000081600000, 0x0000000100000000)
  region size 1024K, 3 young (3072K), 3 survivors (3072K)
 Metaspace       used 64357K, committed 64896K, reserved 1105920K
  class space    used 8887K, committed 9152K, reserved 1048576K
}

